2025-03-05 19:39:47,440 - INFO - Table data with multiple links extracted from https://angul.odisha.gov.in/tender
2025-03-05 19:39:48,552 - INFO - Table data with multiple links extracted from https://balangir.odisha.gov.in/tender
2025-03-05 19:39:49,632 - INFO - Table data with multiple links extracted from https://balasore.odisha.gov.in/tender
2025-03-05 19:39:50,456 - INFO - Table data with multiple links extracted from https://bargarh.odisha.gov.in/tender
2025-03-05 19:39:51,498 - INFO - Table data with multiple links extracted from https://bhadrak.odisha.gov.in/tender
2025-03-05 19:39:52,433 - INFO - Table data with multiple links extracted from https://boudh.odisha.gov.in/tender
2025-03-05 19:39:54,278 - INFO - Table data with multiple links extracted from https://cuttack.odisha.gov.in/tender
2025-03-05 19:39:55,555 - INFO - Table data with multiple links extracted from https://deogarh.odisha.gov.in/tender
2025-03-05 19:39:56,459 - INFO - Table data with multiple links extracted from https://dhenkanal.odisha.gov.in/tender
2025-03-05 19:39:57,354 - INFO - Table data with multiple links extracted from https://gajapati.odisha.gov.in/tender
2025-03-05 19:39:58,221 - INFO - Table data with multiple links extracted from https://ganjam.odisha.gov.in/tender
2025-03-05 19:39:59,240 - INFO - Table data with multiple links extracted from https://jagatsinghpur.odisha.gov.in/tender
2025-03-05 19:40:00,246 - INFO - Table data with multiple links extracted from https://jajpur.odisha.gov.in/tender
2025-03-05 19:40:01,051 - INFO - Table data with multiple links extracted from https://jharsuguda.odisha.gov.in/tender
2025-03-05 19:40:02,131 - INFO - Table data with multiple links extracted from https://kalahandi.odisha.gov.in/tender
2025-03-05 19:40:03,181 - INFO - Table data with multiple links extracted from https://kandhamal.odisha.gov.in/tender
2025-03-05 19:40:04,059 - INFO - Table data with multiple links extracted from https://kendrapara.odisha.gov.in/tender
2025-03-05 19:40:05,050 - INFO - Table data with multiple links extracted from https://kendujhar.odisha.gov.in/tender
2025-03-05 19:40:06,189 - INFO - Table data with multiple links extracted from https://khordha.odisha.gov.in/tender
2025-03-05 19:40:07,210 - INFO - Table data with multiple links extracted from https://koraput.odisha.gov.in/tender
2025-03-05 19:40:08,150 - INFO - Table data with multiple links extracted from https://malkangiri.odisha.gov.in/tender
2025-03-05 19:40:09,019 - INFO - Table data with multiple links extracted from https://mayurbhanj.odisha.gov.in/tender
2025-03-05 19:40:09,825 - INFO - Table data with multiple links extracted from https://nabarangpur.odisha.gov.in/tender
2025-03-05 19:40:10,987 - INFO - Table data with multiple links extracted from https://nayagarh.odisha.gov.in/tender
2025-03-05 19:40:11,856 - INFO - Table data with multiple links extracted from https://nuapada.odisha.gov.in/tender
2025-03-05 19:40:12,838 - INFO - Table data with multiple links extracted from https://puri.odisha.gov.in/tender
2025-03-05 19:40:13,808 - INFO - Table data with multiple links extracted from https://rayagada.odisha.gov.in/tender
2025-03-05 19:40:14,796 - INFO - Table data with multiple links extracted from https://sambalpur.odisha.gov.in/tender
2025-03-05 19:40:15,641 - INFO - Table data with multiple links extracted from https://subarnapur.odisha.gov.in/tender
2025-03-05 19:40:16,557 - INFO - Table data with multiple links extracted from https://sundargarh.odisha.gov.in/tender
2025-03-05 19:40:16,566 - INFO - Combined data saved to tenders.json
